<?xml version="1.0" encoding="UTF-8"?>
<!-- Generated by org.testng.reporters.JUnitReportReporter -->
<testsuite skipped="0" hostname="imrans-MBP" name="loginAndLogout.Login" tests="1" failures="0" timestamp="2020-04-20T15:16:45 EEST" time="26.041" errors="0">
  <testcase name="LoginWithValidCredentials" time="26.041" classname="loginAndLogout.Login"/>
  <system-out/>
</testsuite> <!-- loginAndLogout.Login -->
